23-Jul-2019 17:39:00.595 信息 [main] org.apache.catalina.startup.VersionLoggerListener.log Server version:        Apache Tomcat/@VERSION@
23-Jul-2019 17:39:00.604 信息 [main] org.apache.catalina.startup.VersionLoggerListener.log Server built:          @VERSION_BUILT@
23-Jul-2019 17:39:00.604 信息 [main] org.apache.catalina.startup.VersionLoggerListener.log Server number:         @VERSION_NUMBER@
23-Jul-2019 17:39:00.604 信息 [main] org.apache.catalina.startup.VersionLoggerListener.log OS Name:               Windows 7
23-Jul-2019 17:39:00.604 信息 [main] org.apache.catalina.startup.VersionLoggerListener.log OS Version:            6.1
23-Jul-2019 17:39:00.604 信息 [main] org.apache.catalina.startup.VersionLoggerListener.log Architecture:          amd64
23-Jul-2019 17:39:00.604 信息 [main] org.apache.catalina.startup.VersionLoggerListener.log Java Home:             D:\DevelopProgram\java\jdk\jre
23-Jul-2019 17:39:00.605 信息 [main] org.apache.catalina.startup.VersionLoggerListener.log JVM Version:           1.8.0_181-b13
23-Jul-2019 17:39:00.605 信息 [main] org.apache.catalina.startup.VersionLoggerListener.log JVM Vendor:            Oracle Corporation
23-Jul-2019 17:39:00.605 信息 [main] org.apache.catalina.startup.VersionLoggerListener.log CATALINA_BASE:         E:\WorkSpace\GitRepository\source-read\apache-tomcat-8.5.43\catalina-home
23-Jul-2019 17:39:00.605 信息 [main] org.apache.catalina.startup.VersionLoggerListener.log CATALINA_HOME:         E:\WorkSpace\GitRepository\source-read\apache-tomcat-8.5.43\catalina-home
23-Jul-2019 17:39:00.606 信息 [main] org.apache.catalina.startup.VersionLoggerListener.log Command line argument: -agentlib:jdwp=transport=dt_socket,address=127.0.0.1:59829,suspend=y,server=n
23-Jul-2019 17:39:00.606 信息 [main] org.apache.catalina.startup.VersionLoggerListener.log Command line argument: -Dcatalina.home=catalina-home
23-Jul-2019 17:39:00.606 信息 [main] org.apache.catalina.startup.VersionLoggerListener.log Command line argument: -Dcatalina.base=catalina-home
23-Jul-2019 17:39:00.606 信息 [main] org.apache.catalina.startup.VersionLoggerListener.log Command line argument: -Djava.endorsed.dirs=catalina-home/endorsed
23-Jul-2019 17:39:00.606 信息 [main] org.apache.catalina.startup.VersionLoggerListener.log Command line argument: -Djava.io.tmpdir=catalina-home/temp
23-Jul-2019 17:39:00.607 信息 [main] org.apache.catalina.startup.VersionLoggerListener.log Command line argument: -Djava.util.logging.manager=org.apache.juli.ClassLoaderLogManager
23-Jul-2019 17:39:00.607 信息 [main] org.apache.catalina.startup.VersionLoggerListener.log Command line argument: -Djava.util.logging.config.file=catalina-home/conf/logging.properties
23-Jul-2019 17:39:00.607 信息 [main] org.apache.catalina.startup.VersionLoggerListener.log Command line argument: -javaagent:C:\Users\f\.IntelliJIdea2019.1\system\captureAgent\debugger-agent.jar
23-Jul-2019 17:39:00.607 信息 [main] org.apache.catalina.startup.VersionLoggerListener.log Command line argument: -Dfile.encoding=UTF-8
23-Jul-2019 17:39:00.608 信息 [main] org.apache.catalina.core.AprLifecycleListener.lifecycleEvent The APR based Apache Tomcat Native library which allows optimal performance in production environments was not found on the java.library.path: [D:\DevelopProgram\java\jdk\jre\bin;C:\Windows\Sun\Java\bin;C:\Windows\system32;C:\Windows;C:\Program Files (x86)\Common Files\Oracle\Java\javapath;C:\Windows\system32;C:\Windows;C:\Windows\System32\Wbem;C:\Windows\System32\WindowsPowerShell\v1.0\;D:\ProgramData\Anaconda2;D:\ProgramData\Anaconda2\Scripts;D:\ProgramData\Anaconda2\Library\bin;D:\DevelopProgram\java\jdk\bin;D:\DevelopProgram\java\jdk\jre\bin;C:\Program Files\nodejs\;D:\DevelopProgram\Git\cmd;D:\DevelopProgram\maven-3.6.1\bin;D:\DevelopProgram\tortoiseGit\bin;D:\DevelopProgram\svn\bin;D:\DevelopProgram\gradle-4.10.3\bin;C:\Users\f\AppData\Roaming\npm;.]
23-Jul-2019 17:39:01.056 信息 [main] org.apache.coyote.AbstractProtocol.init Initializing ProtocolHandler ["http-nio-8080"]
23-Jul-2019 17:39:01.593 信息 [main] org.apache.tomcat.util.net.NioSelectorPool.getSharedSelector Using a shared selector for servlet write/read
23-Jul-2019 17:39:01.617 信息 [main] org.apache.coyote.AbstractProtocol.init Initializing ProtocolHandler ["ajp-nio-8009"]
23-Jul-2019 17:39:01.621 信息 [main] org.apache.tomcat.util.net.NioSelectorPool.getSharedSelector Using a shared selector for servlet write/read
23-Jul-2019 17:39:01.622 信息 [main] org.apache.catalina.startup.Catalina.load Initialization processed in 2164 ms
23-Jul-2019 17:39:01.992 信息 [main] org.apache.catalina.core.StandardService.startInternal Starting service [Catalina]
23-Jul-2019 17:39:01.993 信息 [main] org.apache.catalina.core.StandardEngine.startInternal Starting Servlet Engine: Apache Tomcat/@VERSION@
23-Jul-2019 17:39:02.178 信息 [localhost-startStop-1] org.apache.catalina.startup.HostConfig.deployDirectory Deploying web application directory [E:\WorkSpace\GitRepository\source-read\apache-tomcat-8.5.43\catalina-home\webapps\docs]
23-Jul-2019 17:39:03.444 信息 [localhost-startStop-1] org.apache.catalina.startup.HostConfig.deployDirectory Deployment of web application directory [E:\WorkSpace\GitRepository\source-read\apache-tomcat-8.5.43\catalina-home\webapps\docs] has finished in [1,265] ms
23-Jul-2019 17:39:03.445 信息 [localhost-startStop-1] org.apache.catalina.startup.HostConfig.deployDirectory Deploying web application directory [E:\WorkSpace\GitRepository\source-read\apache-tomcat-8.5.43\catalina-home\webapps\examples]
23-Jul-2019 17:39:03.639 严重 [localhost-startStop-1] org.apache.catalina.core.StandardContext.startInternal One or more listeners failed to start. Full details will be found in the appropriate container log file
23-Jul-2019 17:39:03.640 严重 [localhost-startStop-1] org.apache.catalina.core.StandardContext.startInternal Context [/examples] startup failed due to previous errors
23-Jul-2019 17:39:03.655 信息 [localhost-startStop-1] org.apache.catalina.startup.HostConfig.deployDirectory Deployment of web application directory [E:\WorkSpace\GitRepository\source-read\apache-tomcat-8.5.43\catalina-home\webapps\examples] has finished in [210] ms
23-Jul-2019 17:39:03.656 信息 [localhost-startStop-1] org.apache.catalina.startup.HostConfig.deployDirectory Deploying web application directory [E:\WorkSpace\GitRepository\source-read\apache-tomcat-8.5.43\catalina-home\webapps\host-manager]
23-Jul-2019 17:39:03.919 信息 [localhost-startStop-1] org.apache.catalina.startup.HostConfig.deployDirectory Deployment of web application directory [E:\WorkSpace\GitRepository\source-read\apache-tomcat-8.5.43\catalina-home\webapps\host-manager] has finished in [263] ms
23-Jul-2019 17:39:03.920 信息 [localhost-startStop-1] org.apache.catalina.startup.HostConfig.deployDirectory Deploying web application directory [E:\WorkSpace\GitRepository\source-read\apache-tomcat-8.5.43\catalina-home\webapps\manager]
23-Jul-2019 17:39:04.075 信息 [localhost-startStop-1] org.apache.catalina.startup.HostConfig.deployDirectory Deployment of web application directory [E:\WorkSpace\GitRepository\source-read\apache-tomcat-8.5.43\catalina-home\webapps\manager] has finished in [155] ms
23-Jul-2019 17:39:04.076 信息 [localhost-startStop-1] org.apache.catalina.startup.HostConfig.deployDirectory Deploying web application directory [E:\WorkSpace\GitRepository\source-read\apache-tomcat-8.5.43\catalina-home\webapps\ROOT]
23-Jul-2019 17:39:04.289 信息 [localhost-startStop-1] org.apache.catalina.startup.HostConfig.deployDirectory Deployment of web application directory [E:\WorkSpace\GitRepository\source-read\apache-tomcat-8.5.43\catalina-home\webapps\ROOT] has finished in [212] ms
23-Jul-2019 17:39:04.300 信息 [main] org.apache.coyote.AbstractProtocol.start Starting ProtocolHandler ["http-nio-8080"]
23-Jul-2019 17:39:04.327 信息 [main] org.apache.coyote.AbstractProtocol.start Starting ProtocolHandler ["ajp-nio-8009"]
23-Jul-2019 17:39:04.334 信息 [main] org.apache.catalina.startup.Catalina.start Server startup in 2711 ms
23-Jul-2019 17:43:30.226 信息 [Thread-5] org.apache.coyote.AbstractProtocol.pause Pausing ProtocolHandler ["http-nio-8080"]
23-Jul-2019 17:43:59.767 信息 [main] org.apache.catalina.startup.VersionLoggerListener.log Server version:        Apache Tomcat/@VERSION@
23-Jul-2019 17:43:59.774 信息 [main] org.apache.catalina.startup.VersionLoggerListener.log Server built:          @VERSION_BUILT@
23-Jul-2019 17:43:59.775 信息 [main] org.apache.catalina.startup.VersionLoggerListener.log Server number:         @VERSION_NUMBER@
23-Jul-2019 17:43:59.775 信息 [main] org.apache.catalina.startup.VersionLoggerListener.log OS Name:               Windows 7
23-Jul-2019 17:43:59.775 信息 [main] org.apache.catalina.startup.VersionLoggerListener.log OS Version:            6.1
23-Jul-2019 17:43:59.775 信息 [main] org.apache.catalina.startup.VersionLoggerListener.log Architecture:          amd64
23-Jul-2019 17:43:59.775 信息 [main] org.apache.catalina.startup.VersionLoggerListener.log Java Home:             D:\DevelopProgram\java\jdk\jre
23-Jul-2019 17:43:59.775 信息 [main] org.apache.catalina.startup.VersionLoggerListener.log JVM Version:           1.8.0_181-b13
23-Jul-2019 17:43:59.776 信息 [main] org.apache.catalina.startup.VersionLoggerListener.log JVM Vendor:            Oracle Corporation
23-Jul-2019 17:43:59.776 信息 [main] org.apache.catalina.startup.VersionLoggerListener.log CATALINA_BASE:         E:\WorkSpace\GitRepository\source-read\apache-tomcat-8.5.43\catalina-home
23-Jul-2019 17:43:59.776 信息 [main] org.apache.catalina.startup.VersionLoggerListener.log CATALINA_HOME:         E:\WorkSpace\GitRepository\source-read\apache-tomcat-8.5.43\catalina-home
23-Jul-2019 17:43:59.776 信息 [main] org.apache.catalina.startup.VersionLoggerListener.log Command line argument: -agentlib:jdwp=transport=dt_socket,address=127.0.0.1:60135,suspend=y,server=n
23-Jul-2019 17:43:59.777 信息 [main] org.apache.catalina.startup.VersionLoggerListener.log Command line argument: -Dcatalina.home=catalina-home
23-Jul-2019 17:43:59.777 信息 [main] org.apache.catalina.startup.VersionLoggerListener.log Command line argument: -Dcatalina.base=catalina-home
23-Jul-2019 17:43:59.777 信息 [main] org.apache.catalina.startup.VersionLoggerListener.log Command line argument: -Djava.endorsed.dirs=catalina-home/endorsed
23-Jul-2019 17:43:59.777 信息 [main] org.apache.catalina.startup.VersionLoggerListener.log Command line argument: -Djava.io.tmpdir=catalina-home/temp
23-Jul-2019 17:43:59.777 信息 [main] org.apache.catalina.startup.VersionLoggerListener.log Command line argument: -Djava.util.logging.manager=org.apache.juli.ClassLoaderLogManager
23-Jul-2019 17:43:59.778 信息 [main] org.apache.catalina.startup.VersionLoggerListener.log Command line argument: -Djava.util.logging.config.file=catalina-home/conf/logging.properties
23-Jul-2019 17:43:59.779 信息 [main] org.apache.catalina.startup.VersionLoggerListener.log Command line argument: -javaagent:C:\Users\f\.IntelliJIdea2019.1\system\captureAgent\debugger-agent.jar
23-Jul-2019 17:43:59.779 信息 [main] org.apache.catalina.startup.VersionLoggerListener.log Command line argument: -Dfile.encoding=UTF-8
23-Jul-2019 17:43:59.779 信息 [main] org.apache.catalina.core.AprLifecycleListener.lifecycleEvent The APR based Apache Tomcat Native library which allows optimal performance in production environments was not found on the java.library.path: [D:\DevelopProgram\java\jdk\jre\bin;C:\Windows\Sun\Java\bin;C:\Windows\system32;C:\Windows;C:\Program Files (x86)\Common Files\Oracle\Java\javapath;C:\Windows\system32;C:\Windows;C:\Windows\System32\Wbem;C:\Windows\System32\WindowsPowerShell\v1.0\;D:\ProgramData\Anaconda2;D:\ProgramData\Anaconda2\Scripts;D:\ProgramData\Anaconda2\Library\bin;D:\DevelopProgram\java\jdk\bin;D:\DevelopProgram\java\jdk\jre\bin;C:\Program Files\nodejs\;D:\DevelopProgram\Git\cmd;D:\DevelopProgram\maven-3.6.1\bin;D:\DevelopProgram\tortoiseGit\bin;D:\DevelopProgram\svn\bin;D:\DevelopProgram\gradle-4.10.3\bin;C:\Users\f\AppData\Roaming\npm;.]
23-Jul-2019 17:44:00.054 信息 [main] org.apache.coyote.AbstractProtocol.init Initializing ProtocolHandler ["http-nio-8080"]
23-Jul-2019 17:44:00.550 信息 [main] org.apache.tomcat.util.net.NioSelectorPool.getSharedSelector Using a shared selector for servlet write/read
23-Jul-2019 17:44:00.584 信息 [main] org.apache.coyote.AbstractProtocol.init Initializing ProtocolHandler ["ajp-nio-8009"]
23-Jul-2019 17:44:00.589 信息 [main] org.apache.tomcat.util.net.NioSelectorPool.getSharedSelector Using a shared selector for servlet write/read
23-Jul-2019 17:44:00.590 信息 [main] org.apache.catalina.startup.Catalina.load Initialization processed in 1713 ms
23-Jul-2019 17:44:00.674 信息 [main] org.apache.catalina.core.StandardService.startInternal Starting service [Catalina]
23-Jul-2019 17:44:00.675 信息 [main] org.apache.catalina.core.StandardEngine.startInternal Starting Servlet Engine: Apache Tomcat/@VERSION@
23-Jul-2019 17:44:00.749 信息 [localhost-startStop-1] org.apache.catalina.startup.HostConfig.deployDirectory Deploying web application directory [E:\WorkSpace\GitRepository\source-read\apache-tomcat-8.5.43\catalina-home\webapps\docs]
23-Jul-2019 17:44:01.729 信息 [localhost-startStop-1] org.apache.jasper.servlet.TldScanner.scanJars At least one JAR was scanned for TLDs yet contained no TLDs. Enable debug logging for this logger for a complete list of JARs that were scanned but no TLDs were found in them. Skipping unneeded JARs during scanning can improve startup time and JSP compilation time.
23-Jul-2019 17:44:01.787 信息 [localhost-startStop-1] org.apache.catalina.startup.HostConfig.deployDirectory Deployment of web application directory [E:\WorkSpace\GitRepository\source-read\apache-tomcat-8.5.43\catalina-home\webapps\docs] has finished in [1,036] ms
23-Jul-2019 17:44:01.787 信息 [localhost-startStop-1] org.apache.catalina.startup.HostConfig.deployDirectory Deploying web application directory [E:\WorkSpace\GitRepository\source-read\apache-tomcat-8.5.43\catalina-home\webapps\examples]
23-Jul-2019 17:44:02.461 信息 [localhost-startStop-1] org.apache.jasper.servlet.TldScanner.scanJars At least one JAR was scanned for TLDs yet contained no TLDs. Enable debug logging for this logger for a complete list of JARs that were scanned but no TLDs were found in them. Skipping unneeded JARs during scanning can improve startup time and JSP compilation time.
23-Jul-2019 17:44:02.489 严重 [localhost-startStop-1] org.apache.catalina.core.StandardContext.startInternal One or more listeners failed to start. Full details will be found in the appropriate container log file
23-Jul-2019 17:44:02.490 严重 [localhost-startStop-1] org.apache.catalina.core.StandardContext.startInternal Context [/examples] startup failed due to previous errors
23-Jul-2019 17:44:02.508 信息 [localhost-startStop-1] org.apache.catalina.startup.HostConfig.deployDirectory Deployment of web application directory [E:\WorkSpace\GitRepository\source-read\apache-tomcat-8.5.43\catalina-home\webapps\examples] has finished in [721] ms
23-Jul-2019 17:44:02.509 信息 [localhost-startStop-1] org.apache.catalina.startup.HostConfig.deployDirectory Deploying web application directory [E:\WorkSpace\GitRepository\source-read\apache-tomcat-8.5.43\catalina-home\webapps\host-manager]
23-Jul-2019 17:44:02.704 信息 [localhost-startStop-1] org.apache.jasper.servlet.TldScanner.scanJars At least one JAR was scanned for TLDs yet contained no TLDs. Enable debug logging for this logger for a complete list of JARs that were scanned but no TLDs were found in them. Skipping unneeded JARs during scanning can improve startup time and JSP compilation time.
23-Jul-2019 17:44:02.727 信息 [localhost-startStop-1] org.apache.catalina.startup.HostConfig.deployDirectory Deployment of web application directory [E:\WorkSpace\GitRepository\source-read\apache-tomcat-8.5.43\catalina-home\webapps\host-manager] has finished in [218] ms
23-Jul-2019 17:44:02.727 信息 [localhost-startStop-1] org.apache.catalina.startup.HostConfig.deployDirectory Deploying web application directory [E:\WorkSpace\GitRepository\source-read\apache-tomcat-8.5.43\catalina-home\webapps\manager]
23-Jul-2019 17:44:03.033 信息 [localhost-startStop-1] org.apache.jasper.servlet.TldScanner.scanJars At least one JAR was scanned for TLDs yet contained no TLDs. Enable debug logging for this logger for a complete list of JARs that were scanned but no TLDs were found in them. Skipping unneeded JARs during scanning can improve startup time and JSP compilation time.
23-Jul-2019 17:44:03.037 信息 [localhost-startStop-1] org.apache.catalina.startup.HostConfig.deployDirectory Deployment of web application directory [E:\WorkSpace\GitRepository\source-read\apache-tomcat-8.5.43\catalina-home\webapps\manager] has finished in [310] ms
23-Jul-2019 17:44:03.037 信息 [localhost-startStop-1] org.apache.catalina.startup.HostConfig.deployDirectory Deploying web application directory [E:\WorkSpace\GitRepository\source-read\apache-tomcat-8.5.43\catalina-home\webapps\ROOT]
23-Jul-2019 17:44:03.166 信息 [localhost-startStop-1] org.apache.jasper.servlet.TldScanner.scanJars At least one JAR was scanned for TLDs yet contained no TLDs. Enable debug logging for this logger for a complete list of JARs that were scanned but no TLDs were found in them. Skipping unneeded JARs during scanning can improve startup time and JSP compilation time.
23-Jul-2019 17:44:03.170 信息 [localhost-startStop-1] org.apache.catalina.startup.HostConfig.deployDirectory Deployment of web application directory [E:\WorkSpace\GitRepository\source-read\apache-tomcat-8.5.43\catalina-home\webapps\ROOT] has finished in [132] ms
23-Jul-2019 17:44:03.178 信息 [main] org.apache.coyote.AbstractProtocol.start Starting ProtocolHandler ["http-nio-8080"]
23-Jul-2019 17:44:03.207 信息 [main] org.apache.coyote.AbstractProtocol.start Starting ProtocolHandler ["ajp-nio-8009"]
23-Jul-2019 17:44:03.215 信息 [main] org.apache.catalina.startup.Catalina.start Server startup in 2624 ms
23-Jul-2019 17:45:21.294 信息 [Thread-5] org.apache.coyote.AbstractProtocol.pause Pausing ProtocolHandler ["http-nio-8080"]
23-Jul-2019 17:45:22.675 信息 [Thread-5] org.apache.coyote.AbstractProtocol.pause Pausing ProtocolHandler ["ajp-nio-8009"]
23-Jul-2019 17:45:23.237 信息 [Thread-5] org.apache.catalina.core.StandardService.stopInternal Stopping service [Catalina]
23-Jul-2019 17:45:23.404 信息 [Thread-5] org.apache.coyote.AbstractProtocol.stop Stopping ProtocolHandler ["http-nio-8080"]
23-Jul-2019 17:45:23.408 信息 [Thread-5] org.apache.coyote.AbstractProtocol.stop Stopping ProtocolHandler ["ajp-nio-8009"]
23-Jul-2019 17:45:23.417 信息 [Thread-5] org.apache.coyote.AbstractProtocol.destroy Destroying ProtocolHandler ["http-nio-8080"]
23-Jul-2019 17:45:23.418 信息 [Thread-5] org.apache.coyote.AbstractProtocol.destroy Destroying ProtocolHandler ["ajp-nio-8009"]
23-Jul-2019 17:48:37.614 信息 [main] org.apache.catalina.startup.VersionLoggerListener.log Server version:        Apache Tomcat/@VERSION@
23-Jul-2019 17:48:37.624 信息 [main] org.apache.catalina.startup.VersionLoggerListener.log Server built:          @VERSION_BUILT@
23-Jul-2019 17:48:37.624 信息 [main] org.apache.catalina.startup.VersionLoggerListener.log Server number:         @VERSION_NUMBER@
23-Jul-2019 17:48:37.624 信息 [main] org.apache.catalina.startup.VersionLoggerListener.log OS Name:               Windows 7
23-Jul-2019 17:48:37.625 信息 [main] org.apache.catalina.startup.VersionLoggerListener.log OS Version:            6.1
23-Jul-2019 17:48:37.625 信息 [main] org.apache.catalina.startup.VersionLoggerListener.log Architecture:          amd64
23-Jul-2019 17:48:37.626 信息 [main] org.apache.catalina.startup.VersionLoggerListener.log Java Home:             D:\DevelopProgram\java\jdk\jre
23-Jul-2019 17:48:37.626 信息 [main] org.apache.catalina.startup.VersionLoggerListener.log JVM Version:           1.8.0_181-b13
23-Jul-2019 17:48:37.626 信息 [main] org.apache.catalina.startup.VersionLoggerListener.log JVM Vendor:            Oracle Corporation
23-Jul-2019 17:48:37.626 信息 [main] org.apache.catalina.startup.VersionLoggerListener.log CATALINA_BASE:         E:\WorkSpace\GitRepository\source-read\apache-tomcat-8.5.43\catalina-home
23-Jul-2019 17:48:37.627 信息 [main] org.apache.catalina.startup.VersionLoggerListener.log CATALINA_HOME:         E:\WorkSpace\GitRepository\source-read\apache-tomcat-8.5.43\catalina-home
23-Jul-2019 17:48:37.627 信息 [main] org.apache.catalina.startup.VersionLoggerListener.log Command line argument: -agentlib:jdwp=transport=dt_socket,address=127.0.0.1:60361,suspend=y,server=n
23-Jul-2019 17:48:37.628 信息 [main] org.apache.catalina.startup.VersionLoggerListener.log Command line argument: -Dcatalina.home=catalina-home
23-Jul-2019 17:48:37.628 信息 [main] org.apache.catalina.startup.VersionLoggerListener.log Command line argument: -Dcatalina.base=catalina-home
23-Jul-2019 17:48:37.628 信息 [main] org.apache.catalina.startup.VersionLoggerListener.log Command line argument: -Djava.endorsed.dirs=catalina-home/endorsed
23-Jul-2019 17:48:37.629 信息 [main] org.apache.catalina.startup.VersionLoggerListener.log Command line argument: -Djava.io.tmpdir=catalina-home/temp
23-Jul-2019 17:48:37.629 信息 [main] org.apache.catalina.startup.VersionLoggerListener.log Command line argument: -Djava.util.logging.manager=org.apache.juli.ClassLoaderLogManager
23-Jul-2019 17:48:37.629 信息 [main] org.apache.catalina.startup.VersionLoggerListener.log Command line argument: -Djava.util.logging.config.file=catalina-home/conf/logging.properties
23-Jul-2019 17:48:37.629 信息 [main] org.apache.catalina.startup.VersionLoggerListener.log Command line argument: -javaagent:C:\Users\f\.IntelliJIdea2019.1\system\captureAgent\debugger-agent.jar
23-Jul-2019 17:48:37.629 信息 [main] org.apache.catalina.startup.VersionLoggerListener.log Command line argument: -Dfile.encoding=UTF-8
23-Jul-2019 17:48:37.630 信息 [main] org.apache.catalina.core.AprLifecycleListener.lifecycleEvent The APR based Apache Tomcat Native library which allows optimal performance in production environments was not found on the java.library.path: [D:\DevelopProgram\java\jdk\jre\bin;C:\Windows\Sun\Java\bin;C:\Windows\system32;C:\Windows;C:\Program Files (x86)\Common Files\Oracle\Java\javapath;C:\Windows\system32;C:\Windows;C:\Windows\System32\Wbem;C:\Windows\System32\WindowsPowerShell\v1.0\;D:\ProgramData\Anaconda2;D:\ProgramData\Anaconda2\Scripts;D:\ProgramData\Anaconda2\Library\bin;D:\DevelopProgram\java\jdk\bin;D:\DevelopProgram\java\jdk\jre\bin;C:\Program Files\nodejs\;D:\DevelopProgram\Git\cmd;D:\DevelopProgram\maven-3.6.1\bin;D:\DevelopProgram\tortoiseGit\bin;D:\DevelopProgram\svn\bin;D:\DevelopProgram\gradle-4.10.3\bin;C:\Users\f\AppData\Roaming\npm;.]
23-Jul-2019 17:48:37.953 信息 [main] org.apache.coyote.AbstractProtocol.init Initializing ProtocolHandler ["http-nio-8080"]
23-Jul-2019 17:48:38.538 信息 [main] org.apache.tomcat.util.net.NioSelectorPool.getSharedSelector Using a shared selector for servlet write/read
23-Jul-2019 17:48:38.569 信息 [main] org.apache.coyote.AbstractProtocol.init Initializing ProtocolHandler ["ajp-nio-8009"]
23-Jul-2019 17:48:38.574 信息 [main] org.apache.tomcat.util.net.NioSelectorPool.getSharedSelector Using a shared selector for servlet write/read
23-Jul-2019 17:48:38.575 信息 [main] org.apache.catalina.startup.Catalina.load Initialization processed in 2022 ms
23-Jul-2019 17:48:38.636 信息 [main] org.apache.catalina.core.StandardService.startInternal Starting service [Catalina]
23-Jul-2019 17:48:38.637 信息 [main] org.apache.catalina.core.StandardEngine.startInternal Starting Servlet Engine: Apache Tomcat/@VERSION@
23-Jul-2019 17:48:38.722 信息 [localhost-startStop-1] org.apache.catalina.startup.HostConfig.deployDirectory Deploying web application directory [E:\WorkSpace\GitRepository\source-read\apache-tomcat-8.5.43\catalina-home\webapps\docs]
23-Jul-2019 17:48:39.812 信息 [localhost-startStop-1] org.apache.jasper.servlet.TldScanner.scanJars At least one JAR was scanned for TLDs yet contained no TLDs. Enable debug logging for this logger for a complete list of JARs that were scanned but no TLDs were found in them. Skipping unneeded JARs during scanning can improve startup time and JSP compilation time.
23-Jul-2019 17:48:39.877 信息 [localhost-startStop-1] org.apache.catalina.startup.HostConfig.deployDirectory Deployment of web application directory [E:\WorkSpace\GitRepository\source-read\apache-tomcat-8.5.43\catalina-home\webapps\docs] has finished in [1,153] ms
23-Jul-2019 17:48:39.878 信息 [localhost-startStop-1] org.apache.catalina.startup.HostConfig.deployDirectory Deploying web application directory [E:\WorkSpace\GitRepository\source-read\apache-tomcat-8.5.43\catalina-home\webapps\examples]
23-Jul-2019 17:48:40.469 信息 [localhost-startStop-1] org.apache.jasper.servlet.TldScanner.scanJars At least one JAR was scanned for TLDs yet contained no TLDs. Enable debug logging for this logger for a complete list of JARs that were scanned but no TLDs were found in them. Skipping unneeded JARs during scanning can improve startup time and JSP compilation time.
23-Jul-2019 17:48:40.505 严重 [localhost-startStop-1] org.apache.catalina.core.StandardContext.startInternal One or more listeners failed to start. Full details will be found in the appropriate container log file
23-Jul-2019 17:48:40.507 严重 [localhost-startStop-1] org.apache.catalina.core.StandardContext.startInternal Context [/examples] startup failed due to previous errors
23-Jul-2019 17:48:40.527 信息 [localhost-startStop-1] org.apache.catalina.startup.HostConfig.deployDirectory Deployment of web application directory [E:\WorkSpace\GitRepository\source-read\apache-tomcat-8.5.43\catalina-home\webapps\examples] has finished in [649] ms
23-Jul-2019 17:48:40.527 信息 [localhost-startStop-1] org.apache.catalina.startup.HostConfig.deployDirectory Deploying web application directory [E:\WorkSpace\GitRepository\source-read\apache-tomcat-8.5.43\catalina-home\webapps\host-manager]
23-Jul-2019 17:48:40.713 信息 [localhost-startStop-1] org.apache.jasper.servlet.TldScanner.scanJars At least one JAR was scanned for TLDs yet contained no TLDs. Enable debug logging for this logger for a complete list of JARs that were scanned but no TLDs were found in them. Skipping unneeded JARs during scanning can improve startup time and JSP compilation time.
23-Jul-2019 17:48:40.734 信息 [localhost-startStop-1] org.apache.catalina.startup.HostConfig.deployDirectory Deployment of web application directory [E:\WorkSpace\GitRepository\source-read\apache-tomcat-8.5.43\catalina-home\webapps\host-manager] has finished in [207] ms
23-Jul-2019 17:48:40.735 信息 [localhost-startStop-1] org.apache.catalina.startup.HostConfig.deployDirectory Deploying web application directory [E:\WorkSpace\GitRepository\source-read\apache-tomcat-8.5.43\catalina-home\webapps\manager]
23-Jul-2019 17:48:40.963 信息 [localhost-startStop-1] org.apache.jasper.servlet.TldScanner.scanJars At least one JAR was scanned for TLDs yet contained no TLDs. Enable debug logging for this logger for a complete list of JARs that were scanned but no TLDs were found in them. Skipping unneeded JARs during scanning can improve startup time and JSP compilation time.
23-Jul-2019 17:48:40.967 信息 [localhost-startStop-1] org.apache.catalina.startup.HostConfig.deployDirectory Deployment of web application directory [E:\WorkSpace\GitRepository\source-read\apache-tomcat-8.5.43\catalina-home\webapps\manager] has finished in [232] ms
23-Jul-2019 17:48:40.968 信息 [localhost-startStop-1] org.apache.catalina.startup.HostConfig.deployDirectory Deploying web application directory [E:\WorkSpace\GitRepository\source-read\apache-tomcat-8.5.43\catalina-home\webapps\ROOT]
23-Jul-2019 17:48:41.111 信息 [localhost-startStop-1] org.apache.jasper.servlet.TldScanner.scanJars At least one JAR was scanned for TLDs yet contained no TLDs. Enable debug logging for this logger for a complete list of JARs that were scanned but no TLDs were found in them. Skipping unneeded JARs during scanning can improve startup time and JSP compilation time.
23-Jul-2019 17:48:41.116 信息 [localhost-startStop-1] org.apache.catalina.startup.HostConfig.deployDirectory Deployment of web application directory [E:\WorkSpace\GitRepository\source-read\apache-tomcat-8.5.43\catalina-home\webapps\ROOT] has finished in [148] ms
23-Jul-2019 17:48:41.126 信息 [main] org.apache.coyote.AbstractProtocol.start Starting ProtocolHandler ["http-nio-8080"]
23-Jul-2019 17:48:41.154 信息 [main] org.apache.coyote.AbstractProtocol.start Starting ProtocolHandler ["ajp-nio-8009"]
23-Jul-2019 17:48:41.164 信息 [main] org.apache.catalina.startup.Catalina.start Server startup in 2589 ms
23-Jul-2019 17:50:38.047 信息 [Thread-5] org.apache.coyote.AbstractProtocol.pause Pausing ProtocolHandler ["http-nio-8080"]
23-Jul-2019 17:50:46.849 信息 [main] org.apache.catalina.startup.VersionLoggerListener.log Server version:        Apache Tomcat/@VERSION@
23-Jul-2019 17:50:46.857 信息 [main] org.apache.catalina.startup.VersionLoggerListener.log Server built:          @VERSION_BUILT@
23-Jul-2019 17:50:46.857 信息 [main] org.apache.catalina.startup.VersionLoggerListener.log Server number:         @VERSION_NUMBER@
23-Jul-2019 17:50:46.857 信息 [main] org.apache.catalina.startup.VersionLoggerListener.log OS Name:               Windows 7
23-Jul-2019 17:50:46.857 信息 [main] org.apache.catalina.startup.VersionLoggerListener.log OS Version:            6.1
23-Jul-2019 17:50:46.858 信息 [main] org.apache.catalina.startup.VersionLoggerListener.log Architecture:          amd64
23-Jul-2019 17:50:46.858 信息 [main] org.apache.catalina.startup.VersionLoggerListener.log Java Home:             D:\DevelopProgram\java\jdk\jre
23-Jul-2019 17:50:46.858 信息 [main] org.apache.catalina.startup.VersionLoggerListener.log JVM Version:           1.8.0_181-b13
23-Jul-2019 17:50:46.859 信息 [main] org.apache.catalina.startup.VersionLoggerListener.log JVM Vendor:            Oracle Corporation
23-Jul-2019 17:50:46.859 信息 [main] org.apache.catalina.startup.VersionLoggerListener.log CATALINA_BASE:         E:\WorkSpace\GitRepository\source-read\apache-tomcat-8.5.43\catalina-home
23-Jul-2019 17:50:46.859 信息 [main] org.apache.catalina.startup.VersionLoggerListener.log CATALINA_HOME:         E:\WorkSpace\GitRepository\source-read\apache-tomcat-8.5.43\catalina-home
23-Jul-2019 17:50:46.859 信息 [main] org.apache.catalina.startup.VersionLoggerListener.log Command line argument: -agentlib:jdwp=transport=dt_socket,address=127.0.0.1:60404,suspend=y,server=n
23-Jul-2019 17:50:46.860 信息 [main] org.apache.catalina.startup.VersionLoggerListener.log Command line argument: -Dcatalina.home=catalina-home
23-Jul-2019 17:50:46.860 信息 [main] org.apache.catalina.startup.VersionLoggerListener.log Command line argument: -Dcatalina.base=catalina-home
23-Jul-2019 17:50:46.860 信息 [main] org.apache.catalina.startup.VersionLoggerListener.log Command line argument: -Djava.endorsed.dirs=catalina-home/endorsed
23-Jul-2019 17:50:46.860 信息 [main] org.apache.catalina.startup.VersionLoggerListener.log Command line argument: -Djava.io.tmpdir=catalina-home/temp
23-Jul-2019 17:50:46.861 信息 [main] org.apache.catalina.startup.VersionLoggerListener.log Command line argument: -Djava.util.logging.manager=org.apache.juli.ClassLoaderLogManager
23-Jul-2019 17:50:46.861 信息 [main] org.apache.catalina.startup.VersionLoggerListener.log Command line argument: -Djava.util.logging.config.file=catalina-home/conf/logging.properties
23-Jul-2019 17:50:46.861 信息 [main] org.apache.catalina.startup.VersionLoggerListener.log Command line argument: -javaagent:C:\Users\f\.IntelliJIdea2019.1\system\captureAgent\debugger-agent.jar
23-Jul-2019 17:50:46.861 信息 [main] org.apache.catalina.startup.VersionLoggerListener.log Command line argument: -Dfile.encoding=UTF-8
23-Jul-2019 17:50:46.861 信息 [main] org.apache.catalina.core.AprLifecycleListener.lifecycleEvent The APR based Apache Tomcat Native library which allows optimal performance in production environments was not found on the java.library.path: [D:\DevelopProgram\java\jdk\jre\bin;C:\Windows\Sun\Java\bin;C:\Windows\system32;C:\Windows;C:\Program Files (x86)\Common Files\Oracle\Java\javapath;C:\Windows\system32;C:\Windows;C:\Windows\System32\Wbem;C:\Windows\System32\WindowsPowerShell\v1.0\;D:\ProgramData\Anaconda2;D:\ProgramData\Anaconda2\Scripts;D:\ProgramData\Anaconda2\Library\bin;D:\DevelopProgram\java\jdk\bin;D:\DevelopProgram\java\jdk\jre\bin;C:\Program Files\nodejs\;D:\DevelopProgram\Git\cmd;D:\DevelopProgram\maven-3.6.1\bin;D:\DevelopProgram\tortoiseGit\bin;D:\DevelopProgram\svn\bin;D:\DevelopProgram\gradle-4.10.3\bin;C:\Users\f\AppData\Roaming\npm;.]
23-Jul-2019 17:50:47.324 信息 [main] org.apache.coyote.AbstractProtocol.init Initializing ProtocolHandler ["http-nio-8080"]
23-Jul-2019 17:50:47.817 信息 [main] org.apache.tomcat.util.net.NioSelectorPool.getSharedSelector Using a shared selector for servlet write/read
23-Jul-2019 17:50:47.874 信息 [main] org.apache.coyote.AbstractProtocol.init Initializing ProtocolHandler ["ajp-nio-8009"]
23-Jul-2019 17:50:47.878 信息 [main] org.apache.tomcat.util.net.NioSelectorPool.getSharedSelector Using a shared selector for servlet write/read
23-Jul-2019 17:50:47.879 信息 [main] org.apache.catalina.startup.Catalina.load Initialization processed in 1891 ms
23-Jul-2019 17:50:48.412 信息 [main] org.apache.catalina.core.StandardService.startInternal Starting service [Catalina]
23-Jul-2019 17:50:48.413 信息 [main] org.apache.catalina.core.StandardEngine.startInternal Starting Servlet Engine: Apache Tomcat/@VERSION@
23-Jul-2019 17:50:48.614 信息 [localhost-startStop-1] org.apache.catalina.startup.HostConfig.deployDirectory Deploying web application directory [E:\WorkSpace\GitRepository\source-read\apache-tomcat-8.5.43\catalina-home\webapps\docs]
23-Jul-2019 17:50:50.680 信息 [localhost-startStop-1] org.apache.jasper.servlet.TldScanner.scanJars At least one JAR was scanned for TLDs yet contained no TLDs. Enable debug logging for this logger for a complete list of JARs that were scanned but no TLDs were found in them. Skipping unneeded JARs during scanning can improve startup time and JSP compilation time.
23-Jul-2019 17:50:50.852 信息 [localhost-startStop-1] org.apache.catalina.startup.HostConfig.deployDirectory Deployment of web application directory [E:\WorkSpace\GitRepository\source-read\apache-tomcat-8.5.43\catalina-home\webapps\docs] has finished in [2,237] ms
23-Jul-2019 17:50:50.852 信息 [localhost-startStop-1] org.apache.catalina.startup.HostConfig.deployDirectory Deploying web application directory [E:\WorkSpace\GitRepository\source-read\apache-tomcat-8.5.43\catalina-home\webapps\examples]
23-Jul-2019 17:50:51.382 信息 [localhost-startStop-1] org.apache.jasper.servlet.TldScanner.scanJars At least one JAR was scanned for TLDs yet contained no TLDs. Enable debug logging for this logger for a complete list of JARs that were scanned but no TLDs were found in them. Skipping unneeded JARs during scanning can improve startup time and JSP compilation time.
23-Jul-2019 17:50:51.420 严重 [localhost-startStop-1] org.apache.catalina.core.StandardContext.startInternal One or more listeners failed to start. Full details will be found in the appropriate container log file
23-Jul-2019 17:50:51.422 严重 [localhost-startStop-1] org.apache.catalina.core.StandardContext.startInternal Context [/examples] startup failed due to previous errors
23-Jul-2019 17:50:51.448 信息 [localhost-startStop-1] org.apache.catalina.startup.HostConfig.deployDirectory Deployment of web application directory [E:\WorkSpace\GitRepository\source-read\apache-tomcat-8.5.43\catalina-home\webapps\examples] has finished in [595] ms
23-Jul-2019 17:50:51.448 信息 [localhost-startStop-1] org.apache.catalina.startup.HostConfig.deployDirectory Deploying web application directory [E:\WorkSpace\GitRepository\source-read\apache-tomcat-8.5.43\catalina-home\webapps\host-manager]
23-Jul-2019 17:50:51.663 信息 [localhost-startStop-1] org.apache.jasper.servlet.TldScanner.scanJars At least one JAR was scanned for TLDs yet contained no TLDs. Enable debug logging for this logger for a complete list of JARs that were scanned but no TLDs were found in them. Skipping unneeded JARs during scanning can improve startup time and JSP compilation time.
23-Jul-2019 17:50:51.703 信息 [localhost-startStop-1] org.apache.catalina.startup.HostConfig.deployDirectory Deployment of web application directory [E:\WorkSpace\GitRepository\source-read\apache-tomcat-8.5.43\catalina-home\webapps\host-manager] has finished in [255] ms
23-Jul-2019 17:50:51.703 信息 [localhost-startStop-1] org.apache.catalina.startup.HostConfig.deployDirectory Deploying web application directory [E:\WorkSpace\GitRepository\source-read\apache-tomcat-8.5.43\catalina-home\webapps\manager]
23-Jul-2019 17:50:51.937 信息 [localhost-startStop-1] org.apache.jasper.servlet.TldScanner.scanJars At least one JAR was scanned for TLDs yet contained no TLDs. Enable debug logging for this logger for a complete list of JARs that were scanned but no TLDs were found in them. Skipping unneeded JARs during scanning can improve startup time and JSP compilation time.
23-Jul-2019 17:50:51.940 信息 [localhost-startStop-1] org.apache.catalina.startup.HostConfig.deployDirectory Deployment of web application directory [E:\WorkSpace\GitRepository\source-read\apache-tomcat-8.5.43\catalina-home\webapps\manager] has finished in [237] ms
23-Jul-2019 17:50:51.940 信息 [localhost-startStop-1] org.apache.catalina.startup.HostConfig.deployDirectory Deploying web application directory [E:\WorkSpace\GitRepository\source-read\apache-tomcat-8.5.43\catalina-home\webapps\ROOT]
23-Jul-2019 17:50:52.073 信息 [localhost-startStop-1] org.apache.jasper.servlet.TldScanner.scanJars At least one JAR was scanned for TLDs yet contained no TLDs. Enable debug logging for this logger for a complete list of JARs that were scanned but no TLDs were found in them. Skipping unneeded JARs during scanning can improve startup time and JSP compilation time.
23-Jul-2019 17:50:52.077 信息 [localhost-startStop-1] org.apache.catalina.startup.HostConfig.deployDirectory Deployment of web application directory [E:\WorkSpace\GitRepository\source-read\apache-tomcat-8.5.43\catalina-home\webapps\ROOT] has finished in [137] ms
23-Jul-2019 17:50:52.125 信息 [main] org.apache.coyote.AbstractProtocol.start Starting ProtocolHandler ["http-nio-8080"]
23-Jul-2019 17:50:52.252 信息 [main] org.apache.coyote.AbstractProtocol.start Starting ProtocolHandler ["ajp-nio-8009"]
23-Jul-2019 17:50:52.257 信息 [main] org.apache.catalina.startup.Catalina.start Server startup in 4376 ms
23-Jul-2019 17:51:08.904 信息 [Thread-5] org.apache.coyote.AbstractProtocol.pause Pausing ProtocolHandler ["http-nio-8080"]
