23-Jul-2019 17:39:03.633 严重 [localhost-startStop-1] org.apache.catalina.core.StandardContext.listenerStart Error configuring application listener of class [listeners.ContextListener]
	java.lang.ClassNotFoundException: listeners.ContextListener
		at org.apache.catalina.loader.WebappClassLoaderBase.loadClass(WebappClassLoaderBase.java:1360)
		at org.apache.catalina.loader.WebappClassLoaderBase.loadClass(WebappClassLoaderBase.java:1182)
		at org.apache.catalina.core.DefaultInstanceManager.loadClass(DefaultInstanceManager.java:546)
		at org.apache.catalina.core.DefaultInstanceManager.loadClassMaybePrivileged(DefaultInstanceManager.java:527)
		at org.apache.catalina.core.DefaultInstanceManager.newInstance(DefaultInstanceManager.java:150)
		at org.apache.catalina.core.StandardContext.listenerStart(StandardContext.java:4621)
		at org.apache.catalina.core.StandardContext.startInternal(StandardContext.java:5165)
		at org.apache.catalina.util.LifecycleBase.start(LifecycleBase.java:150)
		at org.apache.catalina.core.ContainerBase.addChildInternal(ContainerBase.java:743)
		at org.apache.catalina.core.ContainerBase.addChild(ContainerBase.java:719)
		at org.apache.catalina.core.StandardHost.addChild(StandardHost.java:714)
		at org.apache.catalina.startup.HostConfig.deployDirectory(HostConfig.java:1125)
		at org.apache.catalina.startup.HostConfig$DeployDirectory.run(HostConfig.java:1859)
		at java.util.concurrent.Executors$RunnableAdapter.call(Executors.java:511)
		at java.util.concurrent.FutureTask.run$$$capture(FutureTask.java:266)
		at java.util.concurrent.FutureTask.run(FutureTask.java)
		at java.util.concurrent.ThreadPoolExecutor.runWorker(ThreadPoolExecutor.java:1149)
		at java.util.concurrent.ThreadPoolExecutor$Worker.run(ThreadPoolExecutor.java:624)
		at java.lang.Thread.run(Thread.java:748)
23-Jul-2019 17:39:03.635 严重 [localhost-startStop-1] org.apache.catalina.core.StandardContext.listenerStart Error configuring application listener of class [listeners.SessionListener]
	java.lang.ClassNotFoundException: listeners.SessionListener
		at org.apache.catalina.loader.WebappClassLoaderBase.loadClass(WebappClassLoaderBase.java:1360)
		at org.apache.catalina.loader.WebappClassLoaderBase.loadClass(WebappClassLoaderBase.java:1182)
		at org.apache.catalina.core.DefaultInstanceManager.loadClass(DefaultInstanceManager.java:546)
		at org.apache.catalina.core.DefaultInstanceManager.loadClassMaybePrivileged(DefaultInstanceManager.java:527)
		at org.apache.catalina.core.DefaultInstanceManager.newInstance(DefaultInstanceManager.java:150)
		at org.apache.catalina.core.StandardContext.listenerStart(StandardContext.java:4621)
		at org.apache.catalina.core.StandardContext.startInternal(StandardContext.java:5165)
		at org.apache.catalina.util.LifecycleBase.start(LifecycleBase.java:150)
		at org.apache.catalina.core.ContainerBase.addChildInternal(ContainerBase.java:743)
		at org.apache.catalina.core.ContainerBase.addChild(ContainerBase.java:719)
		at org.apache.catalina.core.StandardHost.addChild(StandardHost.java:714)
		at org.apache.catalina.startup.HostConfig.deployDirectory(HostConfig.java:1125)
		at org.apache.catalina.startup.HostConfig$DeployDirectory.run(HostConfig.java:1859)
		at java.util.concurrent.Executors$RunnableAdapter.call(Executors.java:511)
		at java.util.concurrent.FutureTask.run$$$capture(FutureTask.java:266)
		at java.util.concurrent.FutureTask.run(FutureTask.java)
		at java.util.concurrent.ThreadPoolExecutor.runWorker(ThreadPoolExecutor.java:1149)
		at java.util.concurrent.ThreadPoolExecutor$Worker.run(ThreadPoolExecutor.java:624)
		at java.lang.Thread.run(Thread.java:748)
23-Jul-2019 17:39:03.637 严重 [localhost-startStop-1] org.apache.catalina.core.StandardContext.listenerStart Error configuring application listener of class [async.AsyncStockContextListener]
	java.lang.ClassNotFoundException: async.AsyncStockContextListener
		at org.apache.catalina.loader.WebappClassLoaderBase.loadClass(WebappClassLoaderBase.java:1360)
		at org.apache.catalina.loader.WebappClassLoaderBase.loadClass(WebappClassLoaderBase.java:1182)
		at org.apache.catalina.core.DefaultInstanceManager.loadClass(DefaultInstanceManager.java:546)
		at org.apache.catalina.core.DefaultInstanceManager.loadClassMaybePrivileged(DefaultInstanceManager.java:527)
		at org.apache.catalina.core.DefaultInstanceManager.newInstance(DefaultInstanceManager.java:150)
		at org.apache.catalina.core.StandardContext.listenerStart(StandardContext.java:4621)
		at org.apache.catalina.core.StandardContext.startInternal(StandardContext.java:5165)
		at org.apache.catalina.util.LifecycleBase.start(LifecycleBase.java:150)
		at org.apache.catalina.core.ContainerBase.addChildInternal(ContainerBase.java:743)
		at org.apache.catalina.core.ContainerBase.addChild(ContainerBase.java:719)
		at org.apache.catalina.core.StandardHost.addChild(StandardHost.java:714)
		at org.apache.catalina.startup.HostConfig.deployDirectory(HostConfig.java:1125)
		at org.apache.catalina.startup.HostConfig$DeployDirectory.run(HostConfig.java:1859)
		at java.util.concurrent.Executors$RunnableAdapter.call(Executors.java:511)
		at java.util.concurrent.FutureTask.run$$$capture(FutureTask.java:266)
		at java.util.concurrent.FutureTask.run(FutureTask.java)
		at java.util.concurrent.ThreadPoolExecutor.runWorker(ThreadPoolExecutor.java:1149)
		at java.util.concurrent.ThreadPoolExecutor$Worker.run(ThreadPoolExecutor.java:624)
		at java.lang.Thread.run(Thread.java:748)
23-Jul-2019 17:39:03.639 严重 [localhost-startStop-1] org.apache.catalina.core.StandardContext.listenerStart Error configuring application listener of class [websocket.drawboard.DrawboardContextListener]
	java.lang.ClassNotFoundException: websocket.drawboard.DrawboardContextListener
		at org.apache.catalina.loader.WebappClassLoaderBase.loadClass(WebappClassLoaderBase.java:1360)
		at org.apache.catalina.loader.WebappClassLoaderBase.loadClass(WebappClassLoaderBase.java:1182)
		at org.apache.catalina.core.DefaultInstanceManager.loadClass(DefaultInstanceManager.java:546)
		at org.apache.catalina.core.DefaultInstanceManager.loadClassMaybePrivileged(DefaultInstanceManager.java:527)
		at org.apache.catalina.core.DefaultInstanceManager.newInstance(DefaultInstanceManager.java:150)
		at org.apache.catalina.core.StandardContext.listenerStart(StandardContext.java:4621)
		at org.apache.catalina.core.StandardContext.startInternal(StandardContext.java:5165)
		at org.apache.catalina.util.LifecycleBase.start(LifecycleBase.java:150)
		at org.apache.catalina.core.ContainerBase.addChildInternal(ContainerBase.java:743)
		at org.apache.catalina.core.ContainerBase.addChild(ContainerBase.java:719)
		at org.apache.catalina.core.StandardHost.addChild(StandardHost.java:714)
		at org.apache.catalina.startup.HostConfig.deployDirectory(HostConfig.java:1125)
		at org.apache.catalina.startup.HostConfig$DeployDirectory.run(HostConfig.java:1859)
		at java.util.concurrent.Executors$RunnableAdapter.call(Executors.java:511)
		at java.util.concurrent.FutureTask.run$$$capture(FutureTask.java:266)
		at java.util.concurrent.FutureTask.run(FutureTask.java)
		at java.util.concurrent.ThreadPoolExecutor.runWorker(ThreadPoolExecutor.java:1149)
		at java.util.concurrent.ThreadPoolExecutor$Worker.run(ThreadPoolExecutor.java:624)
		at java.lang.Thread.run(Thread.java:748)
23-Jul-2019 17:39:03.639 严重 [localhost-startStop-1] org.apache.catalina.core.StandardContext.listenerStart Skipped installing application listeners due to previous error(s)
23-Jul-2019 17:39:14.994 严重 [http-nio-8080-exec-2] org.apache.catalina.core.StandardWrapperValve.invoke Servlet.service() for servlet [jsp] in context with path [] threw exception [Unable to compile class for JSP] with root cause
	java.lang.NullPointerException
		at org.apache.jasper.compiler.Validator$ValidateVisitor.<init>(Validator.java:523)
		at org.apache.jasper.compiler.Validator.validateExDirectives(Validator.java:1855)
		at org.apache.jasper.compiler.Compiler.generateJava(Compiler.java:220)
		at org.apache.jasper.compiler.Compiler.compile(Compiler.java:373)
		at org.apache.jasper.compiler.Compiler.compile(Compiler.java:350)
		at org.apache.jasper.compiler.Compiler.compile(Compiler.java:334)
		at org.apache.jasper.JspCompilationContext.compile(JspCompilationContext.java:595)
		at org.apache.jasper.servlet.JspServletWrapper.service(JspServletWrapper.java:399)
		at org.apache.jasper.servlet.JspServlet.serviceJspFile(JspServlet.java:386)
		at org.apache.jasper.servlet.JspServlet.service(JspServlet.java:330)
		at javax.servlet.http.HttpServlet.service(HttpServlet.java:741)
		at org.apache.catalina.core.ApplicationFilterChain.internalDoFilter(ApplicationFilterChain.java:231)
		at org.apache.catalina.core.ApplicationFilterChain.doFilter(ApplicationFilterChain.java:166)
		at org.apache.catalina.core.StandardWrapperValve.invoke(StandardWrapperValve.java:200)
		at org.apache.catalina.core.StandardContextValve.invoke(StandardContextValve.java:96)
		at org.apache.catalina.authenticator.AuthenticatorBase.invoke(AuthenticatorBase.java:493)
		at org.apache.catalina.core.StandardHostValve.invoke(StandardHostValve.java:137)
		at org.apache.catalina.valves.ErrorReportValve.invoke(ErrorReportValve.java:81)
		at org.apache.catalina.valves.AbstractAccessLogValve.invoke(AbstractAccessLogValve.java:660)
		at org.apache.catalina.core.StandardEngineValve.invoke(StandardEngineValve.java:87)
		at org.apache.catalina.connector.CoyoteAdapter.service(CoyoteAdapter.java:343)
		at org.apache.coyote.http11.Http11Processor.service(Http11Processor.java:798)
		at org.apache.coyote.AbstractProcessorLight.process(AbstractProcessorLight.java:66)
		at org.apache.coyote.AbstractProtocol$ConnectionHandler.process(AbstractProtocol.java:808)
		at org.apache.tomcat.util.net.NioEndpoint$SocketProcessor.doRun(NioEndpoint.java:1498)
		at org.apache.tomcat.util.net.SocketProcessorBase.run(SocketProcessorBase.java:49)
		at java.util.concurrent.ThreadPoolExecutor.runWorker(ThreadPoolExecutor.java:1149)
		at java.util.concurrent.ThreadPoolExecutor$Worker.run(ThreadPoolExecutor.java:624)
		at org.apache.tomcat.util.threads.TaskThread$WrappingRunnable.run(TaskThread.java:61)
		at java.lang.Thread.run(Thread.java:748)
23-Jul-2019 17:44:02.482 严重 [localhost-startStop-1] org.apache.catalina.core.StandardContext.listenerStart Error configuring application listener of class [listeners.ContextListener]
	java.lang.ClassNotFoundException: listeners.ContextListener
		at org.apache.catalina.loader.WebappClassLoaderBase.loadClass(WebappClassLoaderBase.java:1360)
		at org.apache.catalina.loader.WebappClassLoaderBase.loadClass(WebappClassLoaderBase.java:1182)
		at org.apache.catalina.core.DefaultInstanceManager.loadClass(DefaultInstanceManager.java:546)
		at org.apache.catalina.core.DefaultInstanceManager.loadClassMaybePrivileged(DefaultInstanceManager.java:527)
		at org.apache.catalina.core.DefaultInstanceManager.newInstance(DefaultInstanceManager.java:150)
		at org.apache.catalina.core.StandardContext.listenerStart(StandardContext.java:4621)
		at org.apache.catalina.core.StandardContext.startInternal(StandardContext.java:5165)
		at org.apache.catalina.util.LifecycleBase.start(LifecycleBase.java:150)
		at org.apache.catalina.core.ContainerBase.addChildInternal(ContainerBase.java:743)
		at org.apache.catalina.core.ContainerBase.addChild(ContainerBase.java:719)
		at org.apache.catalina.core.StandardHost.addChild(StandardHost.java:714)
		at org.apache.catalina.startup.HostConfig.deployDirectory(HostConfig.java:1125)
		at org.apache.catalina.startup.HostConfig$DeployDirectory.run(HostConfig.java:1859)
		at java.util.concurrent.Executors$RunnableAdapter.call(Executors.java:511)
		at java.util.concurrent.FutureTask.run$$$capture(FutureTask.java:266)
		at java.util.concurrent.FutureTask.run(FutureTask.java)
		at java.util.concurrent.ThreadPoolExecutor.runWorker(ThreadPoolExecutor.java:1149)
		at java.util.concurrent.ThreadPoolExecutor$Worker.run(ThreadPoolExecutor.java:624)
		at java.lang.Thread.run(Thread.java:748)
23-Jul-2019 17:44:02.485 严重 [localhost-startStop-1] org.apache.catalina.core.StandardContext.listenerStart Error configuring application listener of class [listeners.SessionListener]
	java.lang.ClassNotFoundException: listeners.SessionListener
		at org.apache.catalina.loader.WebappClassLoaderBase.loadClass(WebappClassLoaderBase.java:1360)
		at org.apache.catalina.loader.WebappClassLoaderBase.loadClass(WebappClassLoaderBase.java:1182)
		at org.apache.catalina.core.DefaultInstanceManager.loadClass(DefaultInstanceManager.java:546)
		at org.apache.catalina.core.DefaultInstanceManager.loadClassMaybePrivileged(DefaultInstanceManager.java:527)
		at org.apache.catalina.core.DefaultInstanceManager.newInstance(DefaultInstanceManager.java:150)
		at org.apache.catalina.core.StandardContext.listenerStart(StandardContext.java:4621)
		at org.apache.catalina.core.StandardContext.startInternal(StandardContext.java:5165)
		at org.apache.catalina.util.LifecycleBase.start(LifecycleBase.java:150)
		at org.apache.catalina.core.ContainerBase.addChildInternal(ContainerBase.java:743)
		at org.apache.catalina.core.ContainerBase.addChild(ContainerBase.java:719)
		at org.apache.catalina.core.StandardHost.addChild(StandardHost.java:714)
		at org.apache.catalina.startup.HostConfig.deployDirectory(HostConfig.java:1125)
		at org.apache.catalina.startup.HostConfig$DeployDirectory.run(HostConfig.java:1859)
		at java.util.concurrent.Executors$RunnableAdapter.call(Executors.java:511)
		at java.util.concurrent.FutureTask.run$$$capture(FutureTask.java:266)
		at java.util.concurrent.FutureTask.run(FutureTask.java)
		at java.util.concurrent.ThreadPoolExecutor.runWorker(ThreadPoolExecutor.java:1149)
		at java.util.concurrent.ThreadPoolExecutor$Worker.run(ThreadPoolExecutor.java:624)
		at java.lang.Thread.run(Thread.java:748)
23-Jul-2019 17:44:02.487 严重 [localhost-startStop-1] org.apache.catalina.core.StandardContext.listenerStart Error configuring application listener of class [async.AsyncStockContextListener]
	java.lang.ClassNotFoundException: async.AsyncStockContextListener
		at org.apache.catalina.loader.WebappClassLoaderBase.loadClass(WebappClassLoaderBase.java:1360)
		at org.apache.catalina.loader.WebappClassLoaderBase.loadClass(WebappClassLoaderBase.java:1182)
		at org.apache.catalina.core.DefaultInstanceManager.loadClass(DefaultInstanceManager.java:546)
		at org.apache.catalina.core.DefaultInstanceManager.loadClassMaybePrivileged(DefaultInstanceManager.java:527)
		at org.apache.catalina.core.DefaultInstanceManager.newInstance(DefaultInstanceManager.java:150)
		at org.apache.catalina.core.StandardContext.listenerStart(StandardContext.java:4621)
		at org.apache.catalina.core.StandardContext.startInternal(StandardContext.java:5165)
		at org.apache.catalina.util.LifecycleBase.start(LifecycleBase.java:150)
		at org.apache.catalina.core.ContainerBase.addChildInternal(ContainerBase.java:743)
		at org.apache.catalina.core.ContainerBase.addChild(ContainerBase.java:719)
		at org.apache.catalina.core.StandardHost.addChild(StandardHost.java:714)
		at org.apache.catalina.startup.HostConfig.deployDirectory(HostConfig.java:1125)
		at org.apache.catalina.startup.HostConfig$DeployDirectory.run(HostConfig.java:1859)
		at java.util.concurrent.Executors$RunnableAdapter.call(Executors.java:511)
		at java.util.concurrent.FutureTask.run$$$capture(FutureTask.java:266)
		at java.util.concurrent.FutureTask.run(FutureTask.java)
		at java.util.concurrent.ThreadPoolExecutor.runWorker(ThreadPoolExecutor.java:1149)
		at java.util.concurrent.ThreadPoolExecutor$Worker.run(ThreadPoolExecutor.java:624)
		at java.lang.Thread.run(Thread.java:748)
23-Jul-2019 17:44:02.489 严重 [localhost-startStop-1] org.apache.catalina.core.StandardContext.listenerStart Error configuring application listener of class [websocket.drawboard.DrawboardContextListener]
	java.lang.ClassNotFoundException: websocket.drawboard.DrawboardContextListener
		at org.apache.catalina.loader.WebappClassLoaderBase.loadClass(WebappClassLoaderBase.java:1360)
		at org.apache.catalina.loader.WebappClassLoaderBase.loadClass(WebappClassLoaderBase.java:1182)
		at org.apache.catalina.core.DefaultInstanceManager.loadClass(DefaultInstanceManager.java:546)
		at org.apache.catalina.core.DefaultInstanceManager.loadClassMaybePrivileged(DefaultInstanceManager.java:527)
		at org.apache.catalina.core.DefaultInstanceManager.newInstance(DefaultInstanceManager.java:150)
		at org.apache.catalina.core.StandardContext.listenerStart(StandardContext.java:4621)
		at org.apache.catalina.core.StandardContext.startInternal(StandardContext.java:5165)
		at org.apache.catalina.util.LifecycleBase.start(LifecycleBase.java:150)
		at org.apache.catalina.core.ContainerBase.addChildInternal(ContainerBase.java:743)
		at org.apache.catalina.core.ContainerBase.addChild(ContainerBase.java:719)
		at org.apache.catalina.core.StandardHost.addChild(StandardHost.java:714)
		at org.apache.catalina.startup.HostConfig.deployDirectory(HostConfig.java:1125)
		at org.apache.catalina.startup.HostConfig$DeployDirectory.run(HostConfig.java:1859)
		at java.util.concurrent.Executors$RunnableAdapter.call(Executors.java:511)
		at java.util.concurrent.FutureTask.run$$$capture(FutureTask.java:266)
		at java.util.concurrent.FutureTask.run(FutureTask.java)
		at java.util.concurrent.ThreadPoolExecutor.runWorker(ThreadPoolExecutor.java:1149)
		at java.util.concurrent.ThreadPoolExecutor$Worker.run(ThreadPoolExecutor.java:624)
		at java.lang.Thread.run(Thread.java:748)
23-Jul-2019 17:44:02.489 严重 [localhost-startStop-1] org.apache.catalina.core.StandardContext.listenerStart Skipped installing application listeners due to previous error(s)
23-Jul-2019 17:48:40.494 严重 [localhost-startStop-1] org.apache.catalina.core.StandardContext.listenerStart Error configuring application listener of class [listeners.ContextListener]
	java.lang.ClassNotFoundException: listeners.ContextListener
		at org.apache.catalina.loader.WebappClassLoaderBase.loadClass(WebappClassLoaderBase.java:1360)
		at org.apache.catalina.loader.WebappClassLoaderBase.loadClass(WebappClassLoaderBase.java:1182)
		at org.apache.catalina.core.DefaultInstanceManager.loadClass(DefaultInstanceManager.java:546)
		at org.apache.catalina.core.DefaultInstanceManager.loadClassMaybePrivileged(DefaultInstanceManager.java:527)
		at org.apache.catalina.core.DefaultInstanceManager.newInstance(DefaultInstanceManager.java:150)
		at org.apache.catalina.core.StandardContext.listenerStart(StandardContext.java:4621)
		at org.apache.catalina.core.StandardContext.startInternal(StandardContext.java:5165)
		at org.apache.catalina.util.LifecycleBase.start(LifecycleBase.java:150)
		at org.apache.catalina.core.ContainerBase.addChildInternal(ContainerBase.java:743)
		at org.apache.catalina.core.ContainerBase.addChild(ContainerBase.java:719)
		at org.apache.catalina.core.StandardHost.addChild(StandardHost.java:714)
		at org.apache.catalina.startup.HostConfig.deployDirectory(HostConfig.java:1125)
		at org.apache.catalina.startup.HostConfig$DeployDirectory.run(HostConfig.java:1859)
		at java.util.concurrent.Executors$RunnableAdapter.call(Executors.java:511)
		at java.util.concurrent.FutureTask.run$$$capture(FutureTask.java:266)
		at java.util.concurrent.FutureTask.run(FutureTask.java)
		at java.util.concurrent.ThreadPoolExecutor.runWorker(ThreadPoolExecutor.java:1149)
		at java.util.concurrent.ThreadPoolExecutor$Worker.run(ThreadPoolExecutor.java:624)
		at java.lang.Thread.run(Thread.java:748)
23-Jul-2019 17:48:40.498 严重 [localhost-startStop-1] org.apache.catalina.core.StandardContext.listenerStart Error configuring application listener of class [listeners.SessionListener]
	java.lang.ClassNotFoundException: listeners.SessionListener
		at org.apache.catalina.loader.WebappClassLoaderBase.loadClass(WebappClassLoaderBase.java:1360)
		at org.apache.catalina.loader.WebappClassLoaderBase.loadClass(WebappClassLoaderBase.java:1182)
		at org.apache.catalina.core.DefaultInstanceManager.loadClass(DefaultInstanceManager.java:546)
		at org.apache.catalina.core.DefaultInstanceManager.loadClassMaybePrivileged(DefaultInstanceManager.java:527)
		at org.apache.catalina.core.DefaultInstanceManager.newInstance(DefaultInstanceManager.java:150)
		at org.apache.catalina.core.StandardContext.listenerStart(StandardContext.java:4621)
		at org.apache.catalina.core.StandardContext.startInternal(StandardContext.java:5165)
		at org.apache.catalina.util.LifecycleBase.start(LifecycleBase.java:150)
		at org.apache.catalina.core.ContainerBase.addChildInternal(ContainerBase.java:743)
		at org.apache.catalina.core.ContainerBase.addChild(ContainerBase.java:719)
		at org.apache.catalina.core.StandardHost.addChild(StandardHost.java:714)
		at org.apache.catalina.startup.HostConfig.deployDirectory(HostConfig.java:1125)
		at org.apache.catalina.startup.HostConfig$DeployDirectory.run(HostConfig.java:1859)
		at java.util.concurrent.Executors$RunnableAdapter.call(Executors.java:511)
		at java.util.concurrent.FutureTask.run$$$capture(FutureTask.java:266)
		at java.util.concurrent.FutureTask.run(FutureTask.java)
		at java.util.concurrent.ThreadPoolExecutor.runWorker(ThreadPoolExecutor.java:1149)
		at java.util.concurrent.ThreadPoolExecutor$Worker.run(ThreadPoolExecutor.java:624)
		at java.lang.Thread.run(Thread.java:748)
23-Jul-2019 17:48:40.501 严重 [localhost-startStop-1] org.apache.catalina.core.StandardContext.listenerStart Error configuring application listener of class [async.AsyncStockContextListener]
	java.lang.ClassNotFoundException: async.AsyncStockContextListener
		at org.apache.catalina.loader.WebappClassLoaderBase.loadClass(WebappClassLoaderBase.java:1360)
		at org.apache.catalina.loader.WebappClassLoaderBase.loadClass(WebappClassLoaderBase.java:1182)
		at org.apache.catalina.core.DefaultInstanceManager.loadClass(DefaultInstanceManager.java:546)
		at org.apache.catalina.core.DefaultInstanceManager.loadClassMaybePrivileged(DefaultInstanceManager.java:527)
		at org.apache.catalina.core.DefaultInstanceManager.newInstance(DefaultInstanceManager.java:150)
		at org.apache.catalina.core.StandardContext.listenerStart(StandardContext.java:4621)
		at org.apache.catalina.core.StandardContext.startInternal(StandardContext.java:5165)
		at org.apache.catalina.util.LifecycleBase.start(LifecycleBase.java:150)
		at org.apache.catalina.core.ContainerBase.addChildInternal(ContainerBase.java:743)
		at org.apache.catalina.core.ContainerBase.addChild(ContainerBase.java:719)
		at org.apache.catalina.core.StandardHost.addChild(StandardHost.java:714)
		at org.apache.catalina.startup.HostConfig.deployDirectory(HostConfig.java:1125)
		at org.apache.catalina.startup.HostConfig$DeployDirectory.run(HostConfig.java:1859)
		at java.util.concurrent.Executors$RunnableAdapter.call(Executors.java:511)
		at java.util.concurrent.FutureTask.run$$$capture(FutureTask.java:266)
		at java.util.concurrent.FutureTask.run(FutureTask.java)
		at java.util.concurrent.ThreadPoolExecutor.runWorker(ThreadPoolExecutor.java:1149)
		at java.util.concurrent.ThreadPoolExecutor$Worker.run(ThreadPoolExecutor.java:624)
		at java.lang.Thread.run(Thread.java:748)
23-Jul-2019 17:48:40.504 严重 [localhost-startStop-1] org.apache.catalina.core.StandardContext.listenerStart Error configuring application listener of class [websocket.drawboard.DrawboardContextListener]
	java.lang.ClassNotFoundException: websocket.drawboard.DrawboardContextListener
		at org.apache.catalina.loader.WebappClassLoaderBase.loadClass(WebappClassLoaderBase.java:1360)
		at org.apache.catalina.loader.WebappClassLoaderBase.loadClass(WebappClassLoaderBase.java:1182)
		at org.apache.catalina.core.DefaultInstanceManager.loadClass(DefaultInstanceManager.java:546)
		at org.apache.catalina.core.DefaultInstanceManager.loadClassMaybePrivileged(DefaultInstanceManager.java:527)
		at org.apache.catalina.core.DefaultInstanceManager.newInstance(DefaultInstanceManager.java:150)
		at org.apache.catalina.core.StandardContext.listenerStart(StandardContext.java:4621)
		at org.apache.catalina.core.StandardContext.startInternal(StandardContext.java:5165)
		at org.apache.catalina.util.LifecycleBase.start(LifecycleBase.java:150)
		at org.apache.catalina.core.ContainerBase.addChildInternal(ContainerBase.java:743)
		at org.apache.catalina.core.ContainerBase.addChild(ContainerBase.java:719)
		at org.apache.catalina.core.StandardHost.addChild(StandardHost.java:714)
		at org.apache.catalina.startup.HostConfig.deployDirectory(HostConfig.java:1125)
		at org.apache.catalina.startup.HostConfig$DeployDirectory.run(HostConfig.java:1859)
		at java.util.concurrent.Executors$RunnableAdapter.call(Executors.java:511)
		at java.util.concurrent.FutureTask.run$$$capture(FutureTask.java:266)
		at java.util.concurrent.FutureTask.run(FutureTask.java)
		at java.util.concurrent.ThreadPoolExecutor.runWorker(ThreadPoolExecutor.java:1149)
		at java.util.concurrent.ThreadPoolExecutor$Worker.run(ThreadPoolExecutor.java:624)
		at java.lang.Thread.run(Thread.java:748)
23-Jul-2019 17:48:40.504 严重 [localhost-startStop-1] org.apache.catalina.core.StandardContext.listenerStart Skipped installing application listeners due to previous error(s)
23-Jul-2019 17:50:51.412 严重 [localhost-startStop-1] org.apache.catalina.core.StandardContext.listenerStart Error configuring application listener of class [listeners.ContextListener]
	java.lang.ClassNotFoundException: listeners.ContextListener
		at org.apache.catalina.loader.WebappClassLoaderBase.loadClass(WebappClassLoaderBase.java:1360)
		at org.apache.catalina.loader.WebappClassLoaderBase.loadClass(WebappClassLoaderBase.java:1182)
		at org.apache.catalina.core.DefaultInstanceManager.loadClass(DefaultInstanceManager.java:546)
		at org.apache.catalina.core.DefaultInstanceManager.loadClassMaybePrivileged(DefaultInstanceManager.java:527)
		at org.apache.catalina.core.DefaultInstanceManager.newInstance(DefaultInstanceManager.java:150)
		at org.apache.catalina.core.StandardContext.listenerStart(StandardContext.java:4621)
		at org.apache.catalina.core.StandardContext.startInternal(StandardContext.java:5165)
		at org.apache.catalina.util.LifecycleBase.start(LifecycleBase.java:150)
		at org.apache.catalina.core.ContainerBase.addChildInternal(ContainerBase.java:743)
		at org.apache.catalina.core.ContainerBase.addChild(ContainerBase.java:719)
		at org.apache.catalina.core.StandardHost.addChild(StandardHost.java:714)
		at org.apache.catalina.startup.HostConfig.deployDirectory(HostConfig.java:1125)
		at org.apache.catalina.startup.HostConfig$DeployDirectory.run(HostConfig.java:1859)
		at java.util.concurrent.Executors$RunnableAdapter.call(Executors.java:511)
		at java.util.concurrent.FutureTask.run$$$capture(FutureTask.java:266)
		at java.util.concurrent.FutureTask.run(FutureTask.java)
		at java.util.concurrent.ThreadPoolExecutor.runWorker(ThreadPoolExecutor.java:1149)
		at java.util.concurrent.ThreadPoolExecutor$Worker.run(ThreadPoolExecutor.java:624)
		at java.lang.Thread.run(Thread.java:748)
23-Jul-2019 17:50:51.415 严重 [localhost-startStop-1] org.apache.catalina.core.StandardContext.listenerStart Error configuring application listener of class [listeners.SessionListener]
	java.lang.ClassNotFoundException: listeners.SessionListener
		at org.apache.catalina.loader.WebappClassLoaderBase.loadClass(WebappClassLoaderBase.java:1360)
		at org.apache.catalina.loader.WebappClassLoaderBase.loadClass(WebappClassLoaderBase.java:1182)
		at org.apache.catalina.core.DefaultInstanceManager.loadClass(DefaultInstanceManager.java:546)
		at org.apache.catalina.core.DefaultInstanceManager.loadClassMaybePrivileged(DefaultInstanceManager.java:527)
		at org.apache.catalina.core.DefaultInstanceManager.newInstance(DefaultInstanceManager.java:150)
		at org.apache.catalina.core.StandardContext.listenerStart(StandardContext.java:4621)
		at org.apache.catalina.core.StandardContext.startInternal(StandardContext.java:5165)
		at org.apache.catalina.util.LifecycleBase.start(LifecycleBase.java:150)
		at org.apache.catalina.core.ContainerBase.addChildInternal(ContainerBase.java:743)
		at org.apache.catalina.core.ContainerBase.addChild(ContainerBase.java:719)
		at org.apache.catalina.core.StandardHost.addChild(StandardHost.java:714)
		at org.apache.catalina.startup.HostConfig.deployDirectory(HostConfig.java:1125)
		at org.apache.catalina.startup.HostConfig$DeployDirectory.run(HostConfig.java:1859)
		at java.util.concurrent.Executors$RunnableAdapter.call(Executors.java:511)
		at java.util.concurrent.FutureTask.run$$$capture(FutureTask.java:266)
		at java.util.concurrent.FutureTask.run(FutureTask.java)
		at java.util.concurrent.ThreadPoolExecutor.runWorker(ThreadPoolExecutor.java:1149)
		at java.util.concurrent.ThreadPoolExecutor$Worker.run(ThreadPoolExecutor.java:624)
		at java.lang.Thread.run(Thread.java:748)
23-Jul-2019 17:50:51.418 严重 [localhost-startStop-1] org.apache.catalina.core.StandardContext.listenerStart Error configuring application listener of class [async.AsyncStockContextListener]
	java.lang.ClassNotFoundException: async.AsyncStockContextListener
		at org.apache.catalina.loader.WebappClassLoaderBase.loadClass(WebappClassLoaderBase.java:1360)
		at org.apache.catalina.loader.WebappClassLoaderBase.loadClass(WebappClassLoaderBase.java:1182)
		at org.apache.catalina.core.DefaultInstanceManager.loadClass(DefaultInstanceManager.java:546)
		at org.apache.catalina.core.DefaultInstanceManager.loadClassMaybePrivileged(DefaultInstanceManager.java:527)
		at org.apache.catalina.core.DefaultInstanceManager.newInstance(DefaultInstanceManager.java:150)
		at org.apache.catalina.core.StandardContext.listenerStart(StandardContext.java:4621)
		at org.apache.catalina.core.StandardContext.startInternal(StandardContext.java:5165)
		at org.apache.catalina.util.LifecycleBase.start(LifecycleBase.java:150)
		at org.apache.catalina.core.ContainerBase.addChildInternal(ContainerBase.java:743)
		at org.apache.catalina.core.ContainerBase.addChild(ContainerBase.java:719)
		at org.apache.catalina.core.StandardHost.addChild(StandardHost.java:714)
		at org.apache.catalina.startup.HostConfig.deployDirectory(HostConfig.java:1125)
		at org.apache.catalina.startup.HostConfig$DeployDirectory.run(HostConfig.java:1859)
		at java.util.concurrent.Executors$RunnableAdapter.call(Executors.java:511)
		at java.util.concurrent.FutureTask.run$$$capture(FutureTask.java:266)
		at java.util.concurrent.FutureTask.run(FutureTask.java)
		at java.util.concurrent.ThreadPoolExecutor.runWorker(ThreadPoolExecutor.java:1149)
		at java.util.concurrent.ThreadPoolExecutor$Worker.run(ThreadPoolExecutor.java:624)
		at java.lang.Thread.run(Thread.java:748)
23-Jul-2019 17:50:51.420 严重 [localhost-startStop-1] org.apache.catalina.core.StandardContext.listenerStart Error configuring application listener of class [websocket.drawboard.DrawboardContextListener]
	java.lang.ClassNotFoundException: websocket.drawboard.DrawboardContextListener
		at org.apache.catalina.loader.WebappClassLoaderBase.loadClass(WebappClassLoaderBase.java:1360)
		at org.apache.catalina.loader.WebappClassLoaderBase.loadClass(WebappClassLoaderBase.java:1182)
		at org.apache.catalina.core.DefaultInstanceManager.loadClass(DefaultInstanceManager.java:546)
		at org.apache.catalina.core.DefaultInstanceManager.loadClassMaybePrivileged(DefaultInstanceManager.java:527)
		at org.apache.catalina.core.DefaultInstanceManager.newInstance(DefaultInstanceManager.java:150)
		at org.apache.catalina.core.StandardContext.listenerStart(StandardContext.java:4621)
		at org.apache.catalina.core.StandardContext.startInternal(StandardContext.java:5165)
		at org.apache.catalina.util.LifecycleBase.start(LifecycleBase.java:150)
		at org.apache.catalina.core.ContainerBase.addChildInternal(ContainerBase.java:743)
		at org.apache.catalina.core.ContainerBase.addChild(ContainerBase.java:719)
		at org.apache.catalina.core.StandardHost.addChild(StandardHost.java:714)
		at org.apache.catalina.startup.HostConfig.deployDirectory(HostConfig.java:1125)
		at org.apache.catalina.startup.HostConfig$DeployDirectory.run(HostConfig.java:1859)
		at java.util.concurrent.Executors$RunnableAdapter.call(Executors.java:511)
		at java.util.concurrent.FutureTask.run$$$capture(FutureTask.java:266)
		at java.util.concurrent.FutureTask.run(FutureTask.java)
		at java.util.concurrent.ThreadPoolExecutor.runWorker(ThreadPoolExecutor.java:1149)
		at java.util.concurrent.ThreadPoolExecutor$Worker.run(ThreadPoolExecutor.java:624)
		at java.lang.Thread.run(Thread.java:748)
23-Jul-2019 17:50:51.420 严重 [localhost-startStop-1] org.apache.catalina.core.StandardContext.listenerStart Skipped installing application listeners due to previous error(s)
